[00:17:38] [ServerMain/INFO]: [bootstrap] Running Java 25 (OpenJDK 64-Bit Server VM 25.0.1+8-LTS; Microsoft Microsoft-12574222) on Linux 6.8.0-1030-azure (amd64)
[00:17:38] [ServerMain/INFO]: [bootstrap] Loading Paper 1.21.8-6-main@782ce95 (2025-07-18T20:26:58Z) for Minecraft 1.21.8
[00:17:39] [ServerMain/INFO]: [PluginInitializerManager] Initializing plugins...
[00:17:40] [ServerMain/INFO]: [FileProviderSource] The spark plugin will not be loaded as this server bundles the spark profiler.
[00:17:43] [ServerMain/INFO]: [PluginInitializerManager] Initialized 62 plugins
[00:17:43] [ServerMain/INFO]: [PluginInitializerManager] Paper plugins (3):
 - CoinsEngine (2.6.0), EconomyShopGUI (6.16.2), nightcore (2.11.0)
[00:17:43] [ServerMain/INFO]: [PluginInitializerManager] Bukkit plugins (59):
 - AdvancedEnchantments (9.22.5), AdvancedRenamer (1.1), AxSellwands (1.11.1), BetterRTP (3.6.13), BlockParticles (1.12), BrunoCore (1.0), CMILib (1.5.7.5), Chunky (1.4.40), Citizens (2.0.41-SNAPSHOT (build 4021)), CitizensCMD (2.7.2), ConditionalEvents (4.72.2), CoreProtect (23.0), DecentHolograms (2.9.9), DeluxeMenus (1.14.1-Release), DeluxeTags (1.8.2-Release), Essentials (2.21.2), EssentialsSpawn (2.22.0-dev+47-faa02b5), ExcellentCrates (6.6.1), EzChat (3.1.0), GriefPrevention (16.18.5), InfiniteFishing (1.7.0), ItemEdit (3.7.7), ItemsAdder (4.0.15), Jobs (5.2.6.5), KitPreview (2.4), LuckPerms (5.5.0), MCPets (4.1.5-SNAPSHOT), MOTD (2.3.10), ModelEngine (R4.0.9), Multiverse-Core (5.3.4), Multiverse-Inventories (5.2.2), MythicCrucible (2.2.0), MythicMobs (5.11.1-de409cac), PlaceholderAPI (2.11.7), PlayerVaults (4.0), PlayerWarps (3.3.2), ProtocolLib (5.4.0), QuickShop-Hikari (6.2.0.10), SCore (5.25.12.14), SilkSpawners (8.3.0), SimpleRename (13.9), StaffPlusPlus (1.21.17), TAB (5.4.0), TempFly (3.1.7), TheAssistant (4.0.2), TheAuction (3.70.0), ThePets (3.70.0), TheSkills (3.70.0), TogglePvp (8.1), UltimateClans (8.1.0), Vault (1.7.3-b131), ViaVersion (5.6.0), VoidGen (2.3.4), WorldEdit (7.3.17+7262-c7fbe08), WorldGuard (7.0.14+2339-43997ec), WorldGuardExtraFlags (4.2.4-SNAPSHOT), ajLeaderboards (2.10.1), bSoul (3.0.2), eco (6.77.2)
[00:17:50] [ServerMain/INFO]: Environment: Environment[sessionHost=https://sessionserver.mojang.com, servicesHost=https://api.minecraftservices.com, name=PROD]
[00:17:50] [ServerMain/ERROR]: Failed to start the minecraft server
net.minecraft.util.DirectoryLock$LockException: /workspaces/prueba/Survival/./world/session.lock: already locked (possibly by other Minecraft instance?)
	at net.minecraft.util.DirectoryLock$LockException.alreadyLocked(DirectoryLock.java:100) ~[paper-1.21.8.jar:1.21.8-6-782ce95]
	at net.minecraft.util.DirectoryLock.create(DirectoryLock.java:30) ~[paper-1.21.8.jar:1.21.8-6-782ce95]
	at net.minecraft.world.level.storage.LevelStorageSource$LevelStorageAccess.<init>(LevelStorageSource.java:436) ~[paper-1.21.8.jar:1.21.8-6-782ce95]
	at net.minecraft.world.level.storage.LevelStorageSource.validateAndCreateAccess(LevelStorageSource.java:351) ~[paper-1.21.8.jar:1.21.8-6-782ce95]
	at net.minecraft.server.Main.main(Main.java:185) ~[paper-1.21.8.jar:1.21.8-6-782ce95]
	at io.papermc.paper.PaperBootstrap.boot(PaperBootstrap.java:21) ~[paper-1.21.8.jar:1.21.8-6-782ce95]
	at org.bukkit.craftbukkit.Main.main(Main.java:242) ~[paper-1.21.8.jar:1.21.8-6-782ce95]
	at io.papermc.paperclip.Paperclip.lambda$main$0(Paperclip.java:42) ~[app:?]
	at java.base/java.lang.Thread.run(Thread.java:1474) ~[?:?]
