[12:04:43] [ServerMain/INFO]: [bootstrap] Running Java 25 (OpenJDK 64-Bit Server VM 25.0.1+8-LTS; Microsoft Microsoft-12574222) on Linux 6.8.0-1030-azure (amd64)
[12:04:43] [ServerMain/INFO]: [bootstrap] Loading Paper 1.21.8-6-main@782ce95 (2025-07-18T20:26:58Z) for Minecraft 1.21.8
[12:04:43] [ServerMain/INFO]: [PluginInitializerManager] Initializing plugins...
[12:04:45] [ServerMain/INFO]: [PluginInitializerManager] Initialized 10 plugins
[12:04:45] [ServerMain/INFO]: [PluginInitializerManager] Bukkit plugins (10):
 - BrunoCore (1.0), Essentials (2.22.0-dev+47-faa02b5), EssentialsChat (2.22.0-dev+47-faa02b5), EssentialsSpawn (2.22.0-dev+47-faa02b5), LuckPerms (5.5.0), SkinsRestorer (15.9.1), ViaVersion (5.5.0), WorldEdit (7.3.17+7262-c7fbe08), WorldGuard (7.0.14+2339-43997ec), WorldGuardExtraFlags (4.2.4-SNAPSHOT)
[12:04:52] [ServerMain/INFO]: Environment: Environment[sessionHost=https://sessionserver.mojang.com, servicesHost=https://api.minecraftservices.com, name=PROD]
[12:04:52] [ServerMain/INFO]: [ca.spottedleaf.dataconverter.minecraft.datatypes.MCTypeRegistry] Initialising converters for DataConverter...
[12:04:53] [ServerMain/INFO]: [ca.spottedleaf.dataconverter.minecraft.datatypes.MCTypeRegistry] Finished initialising converters for DataConverter in 720.6ms
[12:04:55] [ServerMain/INFO]: Loaded 1407 recipes
[12:04:55] [ServerMain/INFO]: Loaded 1520 advancements
[12:04:56] [Server thread/INFO]: Starting minecraft server version 1.21.8
[12:04:56] [Server thread/INFO]: Loading properties
[12:04:56] [Server thread/INFO]: This server is running Paper version 1.21.8-6-main@782ce95 (2025-07-18T20:26:58Z) (Implementing API version 1.21.8-R0.1-SNAPSHOT)
[12:04:56] [Server thread/INFO]: [spark] This server bundles the spark profiler. For more information please visit https://docs.papermc.io/paper/profiling
[12:04:56] [Server thread/INFO]: Server Ping Player Sample Count: 12
[12:04:56] [Server thread/INFO]: Using 4 threads for Netty based IO
[12:04:57] [Server thread/INFO]: [MoonriseCommon] Paper is using 1 worker threads, 1 I/O threads
[12:04:57] [Server thread/INFO]: [ChunkTaskScheduler] Chunk system is using population gen parallelism: true
[12:04:58] [Server thread/INFO]: Default game type: SURVIVAL
[12:04:58] [Server thread/INFO]: Generating keypair
[12:04:58] [Server thread/INFO]: Starting Minecraft server on *:30001
[12:04:58] [Server thread/INFO]: Using epoll channel type
[12:04:58] [Server thread/INFO]: Paper: Using libdeflate (Linux x86_64) compression from Velocity.
[12:04:58] [Server thread/INFO]: Paper: Using OpenSSL 3.x.x (Linux x86_64) cipher from Velocity.
[12:05:00] [Server thread/INFO]: [ViaVersion] Loading server plugin ViaVersion v5.5.0
[12:05:00] [Server thread/INFO]: [ViaVersion] ViaVersion 5.5.0 is now loaded. Registering protocol transformers and injecting...
[12:05:01] [Via-Mappingloader-0/INFO]: [ViaVersion] Loading block connection mappings ...
[12:05:01] [Via-Mappingloader-0/INFO]: [ViaVersion] Using FastUtil Long2ObjectOpenHashMap for block connections
[12:05:02] [Server thread/INFO]: [WorldEdit] Loading server plugin WorldEdit v7.3.17+7262-c7fbe08
[12:05:03] [Server thread/INFO]: Got request to register class com.sk89q.worldedit.bukkit.BukkitServerInterface with WorldEdit [com.sk89q.worldedit.extension.platform.PlatformManager@108a251f]
[12:05:03] [Server thread/INFO]: [LuckPerms] Loading server plugin LuckPerms v5.5.0
[12:05:03] [Server thread/INFO]: [WorldGuard] Loading server plugin WorldGuard v7.0.14+2339-43997ec
[12:05:03] [Server thread/INFO]: [Essentials] Loading server plugin Essentials v2.22.0-dev+47-faa02b5
[12:05:03] [Server thread/INFO]: [BrunoCore] Loading server plugin BrunoCore v1.0
[12:05:03] [Server thread/INFO]: [SkinsRestorer] Loading server plugin SkinsRestorer v15.9.1
[12:05:03] [Server thread/INFO]: [WorldGuardExtraFlags] Loading server plugin WorldGuardExtraFlags v4.2.4-SNAPSHOT
[12:05:03] [Server thread/INFO]: [EssentialsSpawn] Loading server plugin EssentialsSpawn v2.22.0-dev+47-faa02b5
[12:05:03] [Server thread/INFO]: [EssentialsChat] Loading server plugin EssentialsChat v2.22.0-dev+47-faa02b5
[12:05:03] [Server thread/INFO]: Server permissions file permissions.yml is empty, ignoring it
[12:05:03] [Server thread/INFO]: [WorldEdit] Enabling WorldEdit v7.3.17+7262-c7fbe08
[12:05:03] [Server thread/INFO]: Registering commands with com.sk89q.worldedit.bukkit.BukkitServerInterface
[12:05:04] [Server thread/INFO]: WEPIF: Using the Bukkit Permissions API.
[12:05:04] [Server thread/INFO]: Using com.sk89q.worldedit.bukkit.adapter.impl.v1_21_6.PaperweightAdapter as the Bukkit adapter
[12:05:07] [Server thread/INFO]: [LuckPerms] Enabling LuckPerms v5.5.0
[12:05:08] [Server thread/INFO]:         __    
[12:05:08] [Server thread/INFO]:   |    |__)   LuckPerms v5.5.0
[12:05:08] [Server thread/INFO]:   |___ |      Running on Bukkit - Paper
[12:05:08] [Server thread/INFO]: 
[12:05:08] [Server thread/INFO]: [LuckPerms] Loading configuration...
[12:05:08] [Server thread/INFO]: [LuckPerms] Loading storage provider... [H2]
[12:05:09] [Server thread/INFO]: [LuckPerms] Loading internal permission managers...
[12:05:09] [Server thread/INFO]: [LuckPerms] Performing initial data load...
[12:05:09] [Server thread/INFO]: [LuckPerms] Successfully enabled. (took 2046ms)
[12:05:09] [Server thread/INFO]: [SkinsRestorer] Enabling SkinsRestorer v15.9.1
[12:05:10] [Server thread/INFO]: [SkinsRestorer] -------------------------/Warning\-------------------------
[12:05:10] [Server thread/INFO]: [SkinsRestorer] This plugin is running in PROXY mode!
[12:05:10] [Server thread/INFO]: [SkinsRestorer] You have to put the same config.yml on all servers and on the proxy.
[12:05:10] [Server thread/INFO]: [SkinsRestorer] (<proxy>/plugins/SkinsRestorer/)
[12:05:10] [Server thread/INFO]: [SkinsRestorer] -------------------------\Warning/-------------------------
[12:05:11] [Server thread/INFO]: [SkinsRestorer] Running on Minecraft 1.21.8.
[12:05:11] [Server thread/WARN]: [SkinsRestorer] Proxy mode API is enabled (server.proxyMode.api), but MySQL is not set up, this is not supported. You must configure MySQL on all servers and on the proxy and use the same database.
[12:05:11] [Server thread/WARN]: **** SERVER IS RUNNING IN OFFLINE/INSECURE MODE!
[12:05:11] [Server thread/WARN]: The server will make no attempt to authenticate usernames. Beware.
[12:05:11] [Server thread/WARN]: Whilst this makes it possible to use Velocity, unless access to your server is properly restricted, it also opens up the ability for hackers to connect with any username they choose.
[12:05:11] [Server thread/WARN]: Please see https://docs.papermc.io/velocity/security for further information.
[12:05:11] [Server thread/WARN]: To change this, set "online-mode" to "true" in the server.properties file.
[12:05:11] [Server thread/INFO]: Preparing level "Lobby"
[12:05:11] [Folia Async Scheduler Thread #0/INFO]: [SkinsRestorer] ----------------------------------------------
[12:05:11] [Folia Async Scheduler Thread #0/INFO]: [SkinsRestorer]     +==================+
[12:05:11] [Folia Async Scheduler Thread #0/INFO]: [SkinsRestorer]     |   SkinsRestorer  |
[12:05:11] [Folia Async Scheduler Thread #0/INFO]: [SkinsRestorer]     |------------------|
[12:05:11] [Folia Async Scheduler Thread #0/INFO]: [SkinsRestorer]     |    Proxy Mode    |
[12:05:11] [Folia Async Scheduler Thread #0/INFO]: [SkinsRestorer]     +==================+
[12:05:11] [Folia Async Scheduler Thread #0/INFO]: [SkinsRestorer] ----------------------------------------------
[12:05:11] [Folia Async Scheduler Thread #0/INFO]: [SkinsRestorer]     Version: 15.9.1
[12:05:11] [Folia Async Scheduler Thread #0/INFO]: [SkinsRestorer]     Commit: ee713cb
[12:05:11] [Folia Async Scheduler Thread #0/INFO]: [SkinsRestorer]     This is the latest version!
[12:05:11] [Folia Async Scheduler Thread #0/INFO]: [SkinsRestorer] ----------------------------------------------
[12:05:11] [Folia Async Scheduler Thread #0/INFO]: [SkinsRestorer] Do you have issues? Read our troubleshooting guide: https://skinsrestorer.net/docs/troubleshooting
[12:05:11] [Folia Async Scheduler Thread #0/INFO]: [SkinsRestorer] Want to support SkinsRestorer? Consider donating: https://skinsrestorer.net/donate
[12:05:12] [Server thread/INFO]: Preparing start region for dimension minecraft:overworld
[12:05:13] [Server thread/INFO]: Preparing spawn area: 0%
[12:05:14] [Server thread/INFO]: Preparing spawn area: 0%
[12:05:14] [Server thread/INFO]: Preparing spawn area: 0%
[12:05:14] [Server thread/INFO]: Preparing spawn area: 0%
[12:05:14] [Server thread/INFO]: Time elapsed: 1613 ms
[12:05:14] [Server thread/INFO]: [ViaVersion] Enabling ViaVersion v5.5.0
[12:05:14] [Server thread/INFO]: [ViaVersion] ViaVersion detected server version: 1.21.7-1.21.8 (772)
[12:05:14] [Server thread/INFO]: [WorldGuard] Enabling WorldGuard v7.0.14+2339-43997ec
[12:05:14] [Server thread/INFO]: [WorldGuard] (Lobby) TNT ignition is PERMITTED.
[12:05:14] [Server thread/INFO]: [WorldGuard] (Lobby) Lighters are PERMITTED.
[12:05:14] [Server thread/INFO]: [WorldGuard] (Lobby) Lava fire is PERMITTED.
[12:05:14] [Server thread/INFO]: [WorldGuard] (Lobby) Fire spread is UNRESTRICTED.
[12:05:14] [Server thread/INFO]: [WorldGuard] Loaded configuration for world 'Lobby'
[12:05:14] [Server thread/INFO]: [WorldGuard] Loading region data...
[12:05:15] [Server thread/INFO]: [Essentials] Enabling Essentials v2.22.0-dev+47-faa02b5
[12:05:15] [Server thread/ERROR]: [Essentials] You are running an unsupported server version!
[12:05:15] [Server thread/INFO]: [Essentials] Attempting to convert old kits in config.yml to new kits.yml
[12:05:15] [Server thread/INFO]: [Essentials] No kits found to migrate.
[12:05:15] [Server thread/INFO]: [Essentials] Selected Paper Container Provider as the provider for ContainerProvider
[12:05:15] [Server thread/INFO]: [Essentials] Selected Paper Serialization Provider as the provider for SerializationProvider
[12:05:15] [Server thread/INFO]: [Essentials] Selected Paper Material Tag Provider as the provider for MaterialTagProvider
[12:05:15] [Server thread/INFO]: [Essentials] Selected 1.21+ InventoryView Interface ABI Provider as the provider for InventoryViewProvider
[12:05:15] [Server thread/INFO]: [Essentials] Selected Paper Biome Key Provider as the provider for BiomeKeyProvider
[12:05:15] [Server thread/INFO]: [Essentials] Selected Paper Server State Provider as the provider for ServerStateProvider
[12:05:15] [Server thread/INFO]: [Essentials] Selected Paper Tick Count Provider as the provider for TickCountProvider
[12:05:15] [Server thread/INFO]: [Essentials] Selected 1.11+ Item Unbreakable Provider as the provider for ItemUnbreakableProvider
[12:05:15] [Server thread/INFO]: [Essentials] Selected 1.14+ Sign Data Provider as the provider for SignDataProvider
[12:05:15] [Server thread/INFO]: [Essentials] Selected 1.8.3+ Spawner Item Provider as the provider for SpawnerItemProvider
[12:05:15] [Server thread/INFO]: [Essentials] Selected Reflection Formatted Command Alias Provider as the provider for FormattedCommandAliasProvider
[12:05:15] [Server thread/INFO]: [Essentials] Selected 1.20.6+ Potion Meta Provider as the provider for PotionMetaProvider
[12:05:15] [Server thread/INFO]: [Essentials] Selected Paper Known Commands Provider as the provider for KnownCommandsProvider
[12:05:15] [Server thread/INFO]: [Essentials] Selected 1.12+ Spawner Block Provider as the provider for SpawnerBlockProvider
[12:05:15] [Server thread/INFO]: [Essentials] Selected 1.13+ Spawn Egg Provider as the provider for SpawnEggProvider
[12:05:15] [Server thread/INFO]: [Essentials] Selected 1.12.2+ Player Locale Provider as the provider for PlayerLocaleProvider
[12:05:15] [Server thread/INFO]: [Essentials] Selected 1.17.1+ World Info Provider as the provider for WorldInfoProvider
[12:05:15] [Server thread/INFO]: [Essentials] Selected 1.14.4+ Persistent Data Container Provider as the provider for PersistentDataProvider
[12:05:15] [Server thread/INFO]: [Essentials] Selected 1.21.4+ Sync Commands Provider as the provider for SyncCommandsProvider
[12:05:15] [Server thread/INFO]: [Essentials] Selected 1.20.5+ Banner Data Provider as the provider for BannerDataProvider
[12:05:15] [Server thread/INFO]: [Essentials] Selected Legacy Biome Name Provider as the provider for BiomeNameProvider
[12:05:15] [Server thread/INFO]: [Essentials] Selected Reflection Online Mode Provider as the provider for OnlineModeProvider
[12:05:15] [Server thread/INFO]: [Essentials] Selected 1.20.4+ Damage Event Provider as the provider for DamageEventProvider
[12:05:15] [Server thread/INFO]: [Essentials] Loaded 45989 items from items.json.
[12:05:15] [Server thread/INFO]: [Essentials] Using locale en
[12:05:15] [Server thread/INFO]: [Essentials] ServerListPingEvent: Spigot iterator API
[12:05:15] [Server thread/INFO]: [Essentials] Starting Metrics. Opt-out using the global bStats config.
[12:05:15] [Server thread/WARN]: [Essentials] Detected supported permissions plugin LuckPerms without Vault installed.
[12:05:15] [Server thread/WARN]: [Essentials] Features such as chat prefixes/suffixes and group-related functionality will not work until you install Vault.
[12:05:15] [Server thread/INFO]: [Essentials] Using superperms-based permissions.
[12:05:15] [Server thread/INFO]: [BrunoCore] Enabling BrunoCore v1.0
[12:05:15] [Server thread/INFO]: [BrunoCore] --- Iniciando BrunoCore ---
[12:05:15] [Server thread/ERROR]: [BrunoCore] ¡ERROR! No encontré 'mineralesMagicos.yml' dentro del .jar. Verifica tu carpeta resources.
[12:05:15] [Server thread/INFO]: [BrunoCore] ¡BrunoCore cargado correctamente!
[12:05:15] [Server thread/INFO]: [WorldGuardExtraFlags] Enabling WorldGuardExtraFlags v4.2.4-SNAPSHOT
[12:05:15] [Server thread/INFO]: [WorldGuard] Registering session handler net.goldtreeservers.worldguardextraflags.wg.handlers.TeleportOnEntryFlagHandler
[12:05:15] [Server thread/INFO]: [WorldGuard] Registering session handler net.goldtreeservers.worldguardextraflags.wg.handlers.TeleportOnExitFlagHandler
[12:05:15] [Server thread/INFO]: [WorldGuard] Registering session handler net.goldtreeservers.worldguardextraflags.wg.handlers.WalkSpeedFlagHandler
[12:05:15] [Server thread/INFO]: [WorldGuard] Registering session handler net.goldtreeservers.worldguardextraflags.wg.handlers.FlySpeedFlagHandler
[12:05:15] [Server thread/INFO]: [WorldGuard] Registering session handler net.goldtreeservers.worldguardextraflags.wg.handlers.FlyFlagHandler
[12:05:15] [Server thread/INFO]: [WorldGuard] Registering session handler net.goldtreeservers.worldguardextraflags.wg.handlers.GlideFlagHandler
[12:05:15] [Server thread/INFO]: [WorldGuard] Registering session handler net.goldtreeservers.worldguardextraflags.wg.handlers.GodmodeFlagHandler
[12:05:15] [Server thread/INFO]: [WorldGuard] Registering session handler net.goldtreeservers.worldguardextraflags.wg.handlers.PlaySoundsFlagHandler
[12:05:15] [Server thread/INFO]: [WorldGuard] Registering session handler net.goldtreeservers.worldguardextraflags.wg.handlers.BlockedEffectsFlagHandler
[12:05:15] [Server thread/INFO]: [WorldGuard] Registering session handler net.goldtreeservers.worldguardextraflags.wg.handlers.GiveEffectsFlagHandler
[12:05:15] [Server thread/INFO]: [WorldGuard] Registering session handler net.goldtreeservers.worldguardextraflags.wg.handlers.CommandOnEntryFlagHandler
[12:05:15] [Server thread/INFO]: [WorldGuard] Registering session handler net.goldtreeservers.worldguardextraflags.wg.handlers.CommandOnExitFlagHandler
[12:05:15] [Server thread/INFO]: [WorldGuard] Registering session handler net.goldtreeservers.worldguardextraflags.wg.handlers.ConsoleCommandOnEntryFlagHandler
[12:05:15] [Server thread/INFO]: [WorldGuard] Registering session handler net.goldtreeservers.worldguardextraflags.wg.handlers.ConsoleCommandOnExitFlagHandler
[12:05:16] [Server thread/INFO]: [EssentialsSpawn] Enabling EssentialsSpawn v2.22.0-dev+47-faa02b5
[12:05:16] [Server thread/INFO]: [EssentialsSpawn] Starting Metrics. Opt-out using the global bStats config.
[12:05:16] [Server thread/INFO]: [EssentialsChat] Enabling EssentialsChat v2.22.0-dev+47-faa02b5
[12:05:16] [Server thread/INFO]: [EssentialsChat] Starting Metrics. Opt-out using the global bStats config.
[12:05:16] [Server thread/INFO]: [spark] Starting background profiler...
[12:05:16] [Server thread/INFO]: Done preparing level "Lobby" (5.106s)
[12:05:16] [Server thread/INFO]: Running delayed init tasks
[12:05:16] [Craft Scheduler Thread - 2 - ViaVersion/INFO]: [ViaVersion] Finished mapping loading, shutting down loader executor.
[12:05:16] [Craft Scheduler Thread - 1 - Essentials/INFO]: [Essentials] Fetching version information...
[12:05:16] [Server thread/INFO]: Done (35.966s)! For help, type "help"
[12:05:16] [Server thread/WARN]: [ViaVersion] There is a newer plugin version available: 5.6.0, you're on: 5.5.0
[12:05:16] [Craft Scheduler Thread - 1 - Essentials/WARN]: [Essentials] You're 1 EssentialsX dev build(s) out of date!
[12:05:16] [Craft Scheduler Thread - 1 - Essentials/WARN]: [Essentials] Download it here: https://essentialsx.net/downloads.html
[12:05:53] [User Authenticator #0/INFO]: UUID of player Bruno240707 is 0d45db84-9179-4b23-93b7-38a90642b372
[12:05:53] [Server thread/INFO]: [HorriblePlayerLoginEventHack] You have plugins listening to the PlayerLoginEvent, this will cause re-configuration APIs to be unavailable: [LuckPerms, WorldGuard]
[12:05:56] [Server thread/INFO]: Bruno240707 joined the game
[12:05:56] [Server thread/INFO]: Bruno240707[/127.19.211.102:47046] logged in with entity id 25 at ([Lobby]-317.0, 64.0, -341.0)
[12:06:49] [Server thread/INFO]: Bruno240707 lost connection: Disconnected
[12:06:50] [Server thread/INFO]: Bruno240707 left the game
[12:27:05] [User Authenticator #1/INFO]: UUID of player Bruno240707 is 0d45db84-9179-4b23-93b7-38a90642b372
[12:27:06] [Server thread/INFO]: Bruno240707 joined the game
[12:27:06] [Server thread/INFO]: Bruno240707[/127.19.211.102:34610] logged in with entity id 131 at ([Lobby]-316.75797774909216, 63.0, -334.42215470760897)
[12:27:11] [Server thread/INFO]: Bruno240707 lost connection: Disconnected
[12:27:11] [Server thread/INFO]: Bruno240707 left the game
[12:29:33] [User Authenticator #2/INFO]: UUID of player Bruno240707 is 0d45db84-9179-4b23-93b7-38a90642b372
[12:29:34] [Server thread/INFO]: Bruno240707 joined the game
[12:29:34] [Server thread/INFO]: Bruno240707[/127.19.211.102:60376] logged in with entity id 132 at ([Lobby]-317.0, 64.0, -341.0)
[12:29:55] [Server thread/INFO]: Bruno240707 lost connection: Disconnected
[12:29:55] [Server thread/INFO]: Bruno240707 left the game
[12:30:35] [Server thread/INFO]: Stopping server
[12:30:35] [Server thread/INFO]: [EssentialsChat] Disabling EssentialsChat v2.22.0-dev+47-faa02b5
[12:30:35] [Server thread/INFO]: [EssentialsSpawn] Disabling EssentialsSpawn v2.22.0-dev+47-faa02b5
[12:30:35] [Server thread/INFO]: [WorldGuardExtraFlags] Disabling WorldGuardExtraFlags v4.2.4-SNAPSHOT
[12:30:35] [Server thread/INFO]: [SkinsRestorer] Disabling SkinsRestorer v15.9.1
[12:30:35] [Server thread/INFO]: [BrunoCore] Disabling BrunoCore v1.0
[12:30:35] [Server thread/INFO]: [BrunoCore] BrunoCore desactivado.
[12:30:35] [Server thread/INFO]: [Essentials] Disabling Essentials v2.22.0-dev+47-faa02b5
[12:30:35] [Server thread/INFO]: [WorldGuard] Disabling WorldGuard v7.0.14+2339-43997ec
[12:30:35] [Server thread/INFO]: [WorldGuard] Shutting down executor and cancelling any pending tasks...
[12:30:35] [Server thread/INFO]: [LuckPerms] Disabling LuckPerms v5.5.0
[12:30:35] [Server thread/INFO]: [LuckPerms] Starting shutdown process...
[12:30:35] [Server thread/INFO]: [LuckPerms] Closing storage...
[12:30:35] [Server thread/INFO]: [LuckPerms] Goodbye!
[12:30:35] [Server thread/INFO]: [WorldEdit] Disabling WorldEdit v7.3.17+7262-c7fbe08
[12:30:35] [Server thread/INFO]: Unregistering com.sk89q.worldedit.bukkit.BukkitServerInterface from WorldEdit
[12:30:35] [Server thread/INFO]: [ViaVersion] Disabling ViaVersion v5.5.0
[12:30:35] [Server thread/INFO]: [ViaVersion] ViaVersion has been disabled; uninjected the platform and shut down the scheduler.
[12:30:35] [Server thread/INFO]: Saving players
[12:30:36] [Server thread/INFO]: Saving worlds
[12:30:36] [Server thread/INFO]: Saving chunks for level 'ServerLevel[Lobby]'/minecraft:overworld
[12:30:36] [Server thread/INFO]: [ChunkHolderManager] Waiting 60s for chunk system to halt for world 'Lobby'
[12:30:36] [Server thread/INFO]: [ChunkHolderManager] Halted chunk system for world 'Lobby'
[12:30:36] [Server thread/INFO]: [ChunkHolderManager] Saving all chunkholders for world 'Lobby'
[12:30:36] [Thread-7/WARN]: Exception in thread "Thread-7" java.lang.NoClassDefFoundError: org/h2/api/ErrorCode
[12:30:36] [Thread-7/WARN]: 	at org.h2.message.DbException.getJdbcSQLException(DbException.java:475)
[12:30:36] [Thread-7/WARN]: 	at org.h2.message.DbException.get(DbException.java:212)
[12:30:36] [Thread-7/WARN]: 	at org.h2.mvstore.db.Store.close(Store.java:402)
[12:30:36] [Thread-7/WARN]: 	at org.h2.engine.Database.closeOpenFilesAndUnlock(Database.java:1261)
[12:30:36] [Thread-7/WARN]: 	at org.h2.engine.Database.closeImpl(Database.java:1225)
[12:30:36] [Thread-7/WARN]: 	at org.h2.engine.Database.close(Database.java:1144)
[12:30:36] [Thread-7/WARN]: 	at org.h2.engine.OnExitDatabaseCloser.onShutdown(OnExitDatabaseCloser.java:85)
[12:30:36] [Thread-7/WARN]: 	at org.h2.engine.OnExitDatabaseCloser.run(OnExitDatabaseCloser.java:114)
[12:30:36] [Thread-7/WARN]: Caused by: java.lang.ClassNotFoundException: org.h2.api.ErrorCode
[12:30:36] [Thread-7/WARN]: 	at java.base/java.net.URLClassLoader.findClass(URLClassLoader.java:377)
[12:30:36] [Thread-7/WARN]: 	at java.base/java.lang.ClassLoader.loadClass(ClassLoader.java:557)
[12:30:36] [Thread-7/WARN]: 	at java.base/java.lang.ClassLoader.loadClass(ClassLoader.java:490)
[12:30:36] [Thread-7/WARN]: 	... 8 more
[12:30:36] [Server thread/INFO]: [ChunkHolderManager] Saved 4 block chunks, 101 entity chunks, 0 poi chunks in world 'Lobby' in 0.05s
[12:30:36] [Server thread/INFO]: [ChunkHolderManager] Waiting 60s for chunk I/O to halt for world 'Lobby'
[12:30:36] [Server thread/INFO]: [ChunkHolderManager] Halted I/O scheduler for world 'Lobby'
[12:30:36] [Server thread/INFO]: ThreadedAnvilChunkStorage (Lobby): All chunks are saved
[12:30:36] [Server thread/INFO]: ThreadedAnvilChunkStorage: All dimensions are saved
[12:30:36] [Server thread/INFO]: Waiting for all RegionFile I/O tasks to complete...
[12:30:36] [Server thread/INFO]: All RegionFile I/O tasks to complete
[12:30:36] [Server thread/INFO]: [MoonriseCommon] Awaiting termination of worker pool for up to 60s...
[12:30:36] [Server thread/INFO]: [MoonriseCommon] Awaiting termination of I/O pool for up to 60s...
